{"/Users/prashanta/Documents/nodeJS/globalMentoring/gitPracticalTask/nodejsglobalmentoring/src/testing/config.ts": {"path":"/Users/prashanta/Documents/nodeJS/globalMentoring/gitPracticalTask/nodejsglobalmentoring/src/testing/config.ts","statementMap":{"0":{"start":{"line":1,"column":13},"end":{"line":1,"column":70}},"1":{"start":{"line":3,"column":13},"end":{"line":3,"column":60}}},"fnMap":{},"branchMap":{},"s":{"0":3,"1":3},"f":{},"b":{}}
,"/Users/prashanta/Documents/nodeJS/globalMentoring/gitPracticalTask/nodejsglobalmentoring/src/testing/helpers.ts": {"path":"/Users/prashanta/Documents/nodeJS/globalMentoring/gitPracticalTask/nodejsglobalmentoring/src/testing/helpers.ts","statementMap":{"0":{"start":{"line":1,"column":0},"end":{"line":1,"column":47}},"1":{"start":{"line":4,"column":24},"end":{"line":6,"column":1}},"2":{"start":{"line":5,"column":2},"end":{"line":5,"column":47}},"3":{"start":{"line":8,"column":21},"end":{"line":10,"column":1}},"4":{"start":{"line":9,"column":2},"end":{"line":9,"column":43}},"5":{"start":{"line":12,"column":29},"end":{"line":22,"column":1}},"6":{"start":{"line":12,"column":36},"end":{"line":12,"column":38}},"7":{"start":{"line":12,"column":45},"end":{"line":12,"column":84}},"8":{"start":{"line":13,"column":2},"end":{"line":15,"column":null}},"9":{"start":{"line":14,"column":4},"end":{"line":14,"column":79}},"10":{"start":{"line":17,"column":2},"end":{"line":19,"column":null}},"11":{"start":{"line":18,"column":4},"end":{"line":18,"column":72}},"12":{"start":{"line":21,"column":2},"end":{"line":21,"column":14}},"13":{"start":{"line":12,"column":13},"end":{"line":12,"column":29}},"14":{"start":{"line":24,"column":36},"end":{"line":30,"column":1}},"15":{"start":{"line":25,"column":2},"end":{"line":29,"column":4}},"16":{"start":{"line":24,"column":13},"end":{"line":24,"column":36}}},"fnMap":{"0":{"name":"(anonymous_0)","decl":{"start":{"line":4,"column":24},"end":{"line":4,"column":25}},"loc":{"start":{"line":4,"column":40},"end":{"line":6,"column":1}}},"1":{"name":"(anonymous_1)","decl":{"start":{"line":8,"column":21},"end":{"line":8,"column":22}},"loc":{"start":{"line":8,"column":34},"end":{"line":10,"column":1}}},"2":{"name":"(anonymous_2)","decl":{"start":{"line":12,"column":29},"end":{"line":12,"column":30}},"loc":{"start":{"line":12,"column":84},"end":{"line":22,"column":1}}},"3":{"name":"(anonymous_3)","decl":{"start":{"line":24,"column":36},"end":{"line":24,"column":37}},"loc":{"start":{"line":24,"column":59},"end":{"line":30,"column":1}}}},"branchMap":{"0":{"loc":{"start":{"line":13,"column":2},"end":{"line":15,"column":null}},"type":"if","locations":[{"start":{"line":13,"column":2},"end":{"line":15,"column":null}}]},"1":{"loc":{"start":{"line":13,"column":6},"end":{"line":13,"column":42}},"type":"binary-expr","locations":[{"start":{"line":13,"column":6},"end":{"line":13,"column":13}},{"start":{"line":13,"column":17},"end":{"line":13,"column":42}}]},"2":{"loc":{"start":{"line":17,"column":2},"end":{"line":19,"column":null}},"type":"if","locations":[{"start":{"line":17,"column":2},"end":{"line":19,"column":null}}]},"3":{"loc":{"start":{"line":17,"column":6},"end":{"line":17,"column":33}},"type":"binary-expr","locations":[{"start":{"line":17,"column":6},"end":{"line":17,"column":10}},{"start":{"line":17,"column":14},"end":{"line":17,"column":33}}]}},"s":{"0":2,"1":2,"2":5,"3":2,"4":3,"5":2,"6":6,"7":6,"8":6,"9":1,"10":5,"11":1,"12":4,"13":2,"14":2,"15":5,"16":2},"f":{"0":5,"1":3,"2":6,"3":5},"b":{"0":[1],"1":[6,5],"2":[1],"3":[5,3]}}
,"/Users/prashanta/Documents/nodeJS/globalMentoring/gitPracticalTask/nodejsglobalmentoring/src/testing/services/public-holidays.service.ts": {"path":"/Users/prashanta/Documents/nodeJS/globalMentoring/gitPracticalTask/nodejsglobalmentoring/src/testing/services/public-holidays.service.ts","statementMap":{"0":{"start":{"line":1,"column":0},"end":{"line":1,"column":26}},"1":{"start":{"line":2,"column":0},"end":{"line":2,"column":73}},"2":{"start":{"line":3,"column":0},"end":{"line":3,"column":65}},"3":{"start":{"line":9,"column":39},"end":{"line":20,"column":2}},"4":{"start":{"line":9,"column":75},"end":{"line":20,"column":2}},"5":{"start":{"line":10,"column":2},"end":{"line":10,"column":35}},"6":{"start":{"line":13,"column":37},"end":{"line":15,"column":null}},"7":{"start":{"line":13,"column":18},"end":{"line":13,"column":37}},"8":{"start":{"line":16,"column":4},"end":{"line":16,"column":74}},"9":{"start":{"line":16,"column":43},"end":{"line":16,"column":73}},"10":{"start":{"line":18,"column":4},"end":{"line":18,"column":14}},"11":{"start":{"line":9,"column":13},"end":{"line":9,"column":39}},"12":{"start":{"line":25,"column":43},"end":{"line":34,"column":2}},"13":{"start":{"line":25,"column":65},"end":{"line":34,"column":2}},"14":{"start":{"line":26,"column":2},"end":{"line":26,"column":29}},"15":{"start":{"line":29,"column":23},"end":{"line":29,"column":null}},"16":{"start":{"line":29,"column":12},"end":{"line":29,"column":23}},"17":{"start":{"line":30,"column":4},"end":{"line":30,"column":26}},"18":{"start":{"line":32,"column":4},"end":{"line":32,"column":17}},"19":{"start":{"line":25,"column":13},"end":{"line":25,"column":43}},"20":{"start":{"line":39,"column":37},"end":{"line":50,"column":2}},"21":{"start":{"line":39,"column":59},"end":{"line":50,"column":2}},"22":{"start":{"line":40,"column":2},"end":{"line":40,"column":29}},"23":{"start":{"line":43,"column":37},"end":{"line":45,"column":null}},"24":{"start":{"line":43,"column":18},"end":{"line":43,"column":37}},"25":{"start":{"line":46,"column":4},"end":{"line":46,"column":74}},"26":{"start":{"line":46,"column":43},"end":{"line":46,"column":73}},"27":{"start":{"line":48,"column":4},"end":{"line":48,"column":14}},"28":{"start":{"line":39,"column":13},"end":{"line":39,"column":37}},"29":{"start":{"line":56,"column":0},"end":{"line":81,"column":3}},"30":{"start":{"line":57,"column":20},"end":{"line":57,"column":24}},"31":{"start":{"line":58,"column":23},"end":{"line":58,"column":45}},"32":{"start":{"line":60,"column":2},"end":{"line":70,"column":5}},"33":{"start":{"line":60,"column":43},"end":{"line":70,"column":4}},"34":{"start":{"line":62,"column":23},"end":{"line":62,"column":null}},"35":{"start":{"line":62,"column":12},"end":{"line":62,"column":null}},"36":{"start":{"line":63,"column":12},"end":{"line":63,"column":43}},"37":{"start":{"line":64,"column":12},"end":{"line":64,"column":110}},"38":{"start":{"line":64,"column":79},"end":{"line":64,"column":109}},"39":{"start":{"line":66,"column":6},"end":{"line":66,"column":55}},"40":{"start":{"line":67,"column":6},"end":{"line":67,"column":58}},"41":{"start":{"line":72,"column":2},"end":{"line":80,"column":5}},"42":{"start":{"line":72,"column":50},"end":{"line":80,"column":4}},"43":{"start":{"line":74,"column":23},"end":{"line":74,"column":null}},"44":{"start":{"line":74,"column":12},"end":{"line":74,"column":null}},"45":{"start":{"line":75,"column":12},"end":{"line":75,"column":59}},"46":{"start":{"line":77,"column":6},"end":{"line":77,"column":46}}},"fnMap":{"0":{"name":"(anonymous_14)","decl":{"start":{"line":9,"column":39},"end":{"line":9,"column":46}},"loc":{"start":{"line":9,"column":75},"end":{"line":20,"column":2}}},"1":{"name":"(anonymous_15)","decl":{"start":{"line":9,"column":75},"end":{"line":9,"column":null}},"loc":{"start":{"line":9,"column":75},"end":{"line":20,"column":2}}},"2":{"name":"(anonymous_17)","decl":{"start":{"line":16,"column":30},"end":{"line":16,"column":31}},"loc":{"start":{"line":16,"column":38},"end":{"line":16,"column":63}}},"3":{"name":"(anonymous_18)","decl":{"start":{"line":25,"column":43},"end":{"line":25,"column":50}},"loc":{"start":{"line":25,"column":65},"end":{"line":34,"column":2}}},"4":{"name":"(anonymous_19)","decl":{"start":{"line":25,"column":65},"end":{"line":25,"column":null}},"loc":{"start":{"line":25,"column":65},"end":{"line":34,"column":2}}},"5":{"name":"(anonymous_21)","decl":{"start":{"line":39,"column":37},"end":{"line":39,"column":44}},"loc":{"start":{"line":39,"column":59},"end":{"line":50,"column":2}}},"6":{"name":"(anonymous_22)","decl":{"start":{"line":39,"column":59},"end":{"line":39,"column":null}},"loc":{"start":{"line":39,"column":59},"end":{"line":50,"column":2}}},"7":{"name":"(anonymous_24)","decl":{"start":{"line":46,"column":30},"end":{"line":46,"column":31}},"loc":{"start":{"line":46,"column":38},"end":{"line":46,"column":63}}},"8":{"name":"(anonymous_25)","decl":{"start":{"line":56,"column":52},"end":{"line":56,"column":null}},"loc":{"start":{"line":56,"column":52},"end":{"line":81,"column":1}}},"9":{"name":"(anonymous_26)","decl":{"start":{"line":60,"column":43},"end":{"line":60,"column":null}},"loc":{"start":{"line":60,"column":43},"end":{"line":70,"column":4}}},"10":{"name":"(anonymous_29)","decl":{"start":{"line":64,"column":51},"end":{"line":64,"column":52}},"loc":{"start":{"line":64,"column":74},"end":{"line":64,"column":99}}},"11":{"name":"(anonymous_30)","decl":{"start":{"line":72,"column":50},"end":{"line":72,"column":null}},"loc":{"start":{"line":72,"column":50},"end":{"line":80,"column":4}}}},"branchMap":{},"s":{"0":1,"1":1,"2":1,"3":1,"4":1,"5":1,"6":1,"7":1,"8":1,"9":2,"10":0,"11":1,"12":1,"13":1,"14":1,"15":1,"16":1,"17":1,"18":0,"19":1,"20":1,"21":1,"22":1,"23":1,"24":1,"25":1,"26":2,"27":0,"28":1,"29":1,"30":1,"31":1,"32":1,"33":1,"34":1,"35":1,"36":1,"37":0,"38":0,"39":0,"40":0,"41":1,"42":1,"43":1,"44":1,"45":1,"46":0},"f":{"0":1,"1":1,"2":2,"3":1,"4":1,"5":1,"6":1,"7":2,"8":1,"9":2,"10":0,"11":2},"b":{}}
}
