TN:
SF:src/testing/config.ts
FNF:0
FNH:0
DA:1,3
DA:3,3
LF:2
LH:2
BRF:0
BRH:0
end_of_record
TN:
SF:src/testing/helpers.ts
FN:4,(anonymous_0)
FN:8,(anonymous_1)
FN:12,(anonymous_2)
FN:24,(anonymous_3)
FNF:4
FNH:4
FNDA:5,(anonymous_0)
FNDA:3,(anonymous_1)
FNDA:6,(anonymous_2)
FNDA:5,(anonymous_3)
DA:1,2
DA:4,2
DA:5,5
DA:8,2
DA:9,3
DA:12,6
DA:13,6
DA:14,1
DA:17,5
DA:18,1
DA:21,4
DA:24,2
DA:25,5
LF:13
LH:13
BRDA:13,0,0,1
BRDA:13,1,0,6
BRDA:13,1,1,5
BRDA:17,2,0,1
BRDA:17,3,0,5
BRDA:17,3,1,3
BRF:6
BRH:6
end_of_record
TN:
SF:src/testing/services/public-holidays.service.ts
FN:9,(anonymous_14)
FN:9,(anonymous_15)
FN:16,(anonymous_17)
FN:25,(anonymous_18)
FN:25,(anonymous_19)
FN:39,(anonymous_21)
FN:39,(anonymous_22)
FN:46,(anonymous_24)
FN:56,(anonymous_25)
FN:60,(anonymous_26)
FN:64,(anonymous_29)
FN:72,(anonymous_30)
FNF:12
FNH:11
FNDA:1,(anonymous_14)
FNDA:1,(anonymous_15)
FNDA:2,(anonymous_17)
FNDA:1,(anonymous_18)
FNDA:1,(anonymous_19)
FNDA:1,(anonymous_21)
FNDA:1,(anonymous_22)
FNDA:2,(anonymous_24)
FNDA:1,(anonymous_25)
FNDA:2,(anonymous_26)
FNDA:0,(anonymous_29)
FNDA:2,(anonymous_30)
DA:1,1
DA:2,1
DA:3,1
DA:9,1
DA:10,1
DA:13,1
DA:16,2
DA:18,0
DA:25,1
DA:26,1
DA:29,1
DA:30,1
DA:32,0
DA:39,1
DA:40,1
DA:43,1
DA:46,2
DA:48,0
DA:56,1
DA:57,1
DA:58,1
DA:60,1
DA:62,1
DA:63,1
DA:64,0
DA:66,0
DA:67,0
DA:72,1
DA:74,1
DA:75,1
DA:77,0
LF:31
LH:24
BRF:0
BRH:0
end_of_record
